18-04-16 19:45:19:Error at file[/home/www/LTalk/App/Task/DoTask.php] line[30] message:[Undefined index: umber]
18-04-16 19:45:19:Error at file[/home/www/LTalk/App/Service/RedisPoolService.php] line[32] message:[Uncaught Error: Call to a member function getObj() on null in /home/www/LTalk/App/Service/RedisPoolService.php:32
Stack trace:
#0 /home/www/LTalk/App/Service/RedisPoolService.php(24): App\Service\RedisPoolService->__construct()
#1 /home/www/LTalk/App/Service/UserCacheService.php(82): App\Service\RedisPoolService::getRedisPool()
#2 /home/www/LTalk/App/Service/FriendService.php(29): App\Service\UserCacheService::getFdByNum(113314)
#3 /home/www/LTalk/App/Task/DoTask.php(33): App\Service\FriendService::friendInfo(Array)
#4 /home/www/LTalk/App/Task/Task.php(25): App\Task\DoTask::FriendOk(Array)
#5 /home/www/LTalk/vendor/easyswoole/easyswoole/src/Core/Swoole/EventHelper.php(65): App\Task\Task->run(Array, 0, 0)
#6 [internal function]: EasySwoole\Core\Swoole\EventHelper::EasySwoole\Core\Swoole\{closure}(Object(Swoole\WebSocket\Server), 0, 0, Object(App\Task\Task))
#7 /home/www/LTalk/vendor/easyswoole/easyswoole/src/Core/Component/Invoker.php(58): call_user_func_array(Object(Closure), Array)
#8 /home/www/LTalk/vendor/]
18-04-16 19:48:00:Error at file[/home/www/LTalk/App/Sock/Parser/OnClose.php] line[27] message:[Undefined index: number]
18-04-16 19:48:23:Error at file[/home/www/LTalk/App/Sock/Parser/OnClose.php] line[27] message:[Undefined index: number]
18-04-16 19:48:26:Error at file[/home/www/LTalk/App/Sock/Parser/OnClose.php] line[27] message:[Undefined index: number]
18-04-16 19:50:30:Error at file[/home/www/LTalk/App/Task/DoTask.php] line[30] message:[Undefined index: umber]
18-04-16 19:50:30:Error at file[/home/www/LTalk/App/Service/RedisPoolService.php] line[32] message:[Uncaught Error: Call to a member function getObj() on null in /home/www/LTalk/App/Service/RedisPoolService.php:32
Stack trace:
#0 /home/www/LTalk/App/Service/RedisPoolService.php(24): App\Service\RedisPoolService->__construct()
#1 /home/www/LTalk/App/Service/UserCacheService.php(82): App\Service\RedisPoolService::getRedisPool()
#2 /home/www/LTalk/App/Service/FriendService.php(29): App\Service\UserCacheService::getFdByNum(113314)
#3 /home/www/LTalk/App/Task/DoTask.php(33): App\Service\FriendService::friendInfo(Array)
#4 /home/www/LTalk/App/Task/Task.php(25): App\Task\DoTask::FriendOk(Array)
#5 /home/www/LTalk/vendor/easyswoole/easyswoole/src/Core/Swoole/EventHelper.php(65): App\Task\Task->run(Array, 0, 0)
#6 [internal function]: EasySwoole\Core\Swoole\EventHelper::EasySwoole\Core\Swoole\{closure}(Object(Swoole\WebSocket\Server), 0, 0, Object(App\Task\Task))
#7 /home/www/LTalk/vendor/easyswoole/easyswoole/src/Core/Component/Invoker.php(58): call_user_func_array(Object(Closure), Array)
#8 /home/www/LTalk/vendor/]
18-04-16 19:52:57:Error at file[/home/www/LTalk/App/Service/RedisPoolService.php] line[32] message:[Uncaught Error: Call to a member function getObj() on null in /home/www/LTalk/App/Service/RedisPoolService.php:32
Stack trace:
#0 /home/www/LTalk/App/Service/RedisPoolService.php(24): App\Service\RedisPoolService->__construct()
#1 /home/www/LTalk/App/Service/UserCacheService.php(82): App\Service\RedisPoolService::getRedisPool()
#2 /home/www/LTalk/App/Service/FriendService.php(29): App\Service\UserCacheService::getFdByNum(113314)
#3 /home/www/LTalk/App/Task/DoTask.php(33): App\Service\FriendService::friendInfo(Array)
#4 /home/www/LTalk/App/Task/Task.php(25): App\Task\DoTask::FriendOk(Array)
#5 /home/www/LTalk/vendor/easyswoole/easyswoole/src/Core/Swoole/EventHelper.php(65): App\Task\Task->run(Array, 0, 0)
#6 [internal function]: EasySwoole\Core\Swoole\EventHelper::EasySwoole\Core\Swoole\{closure}(Object(Swoole\WebSocket\Server), 0, 0, Object(App\Task\Task))
#7 /home/www/LTalk/vendor/easyswoole/easyswoole/src/Core/Component/Invoker.php(58): call_user_func_array(Object(Closure), Array)
#8 /home/www/LTalk/vendor/]
18-04-16 20:02:10:Error at file[/home/www/LTalk/App/Service/RedisPoolService.php] line[32] message:[Uncaught Error: Call to a member function getObj() on null in /home/www/LTalk/App/Service/RedisPoolService.php:32
Stack trace:
#0 /home/www/LTalk/App/Service/RedisPoolService.php(24): App\Service\RedisPoolService->__construct()
#1 /home/www/LTalk/App/Service/UserCacheService.php(82): App\Service\RedisPoolService::getRedisPool()
#2 /home/www/LTalk/App/Service/FriendService.php(29): App\Service\UserCacheService::getFdByNum(113314)
#3 /home/www/LTalk/App/Task/DoTask.php(33): App\Service\FriendService::friendInfo(Array)
#4 /home/www/LTalk/App/Task/Task.php(25): App\Task\DoTask::FriendOk(Array)
#5 /home/www/LTalk/vendor/easyswoole/easyswoole/src/Core/Swoole/EventHelper.php(65): App\Task\Task->run(Array, 0, 0)
#6 [internal function]: EasySwoole\Core\Swoole\EventHelper::EasySwoole\Core\Swoole\{closure}(Object(Swoole\WebSocket\Server), 0, 0, Object(App\Task\Task))
#7 /home/www/LTalk/vendor/easyswoole/easyswoole/src/Core/Component/Invoker.php(58): call_user_func_array(Object(Closure), Array)
#8 /home/www/LTalk/vendor/]
18-04-16 20:30:21:Error at file[/home/www/LTalk/App/Task/Task.php] line[25] message:[Uncaught Error: Call to undefined method App\Task\DoTask::FriendOk() in /home/www/LTalk/App/Task/Task.php:25
Stack trace:
#0 /home/www/LTalk/vendor/easyswoole/easyswoole/src/Core/Swoole/EventHelper.php(65): App\Task\Task->run(Array, 1, 0)
#1 [internal function]: EasySwoole\Core\Swoole\EventHelper::EasySwoole\Core\Swoole\{closure}(Object(Swoole\WebSocket\Server), 1, 0, Object(App\Task\Task))
#2 /home/www/LTalk/vendor/easyswoole/easyswoole/src/Core/Component/Invoker.php(58): call_user_func_array(Object(Closure), Array)
#3 /home/www/LTalk/vendor/easyswoole/easyswoole/src/Core/Swoole/ServerManager.php(137): EasySwoole\Core\Component\Invoker::callUserFuncArray(Object(Closure), Array)
#4 [internal function]: EasySwoole\Core\Swoole\ServerManager->EasySwoole\Core\Swoole\{closure}(Object(Swoole\WebSocket\Server), 1, 0, Object(App\Task\Task))
#5 {main}
  thrown]
18-04-16 20:46:10:Error at file[/home/www/LTalk/App/Sock/Parser/OnClose.php] line[27] message:[Undefined index: number]
18-04-16 20:46:20:Error at file[/home/www/LTalk/App/Task/DoTask.php] line[19] message:[Swoole\WebSocket\Server::push(): fd[0] is invalid.]
